libgcc-13.0.1-0.12.fc38.x86_64
fonts-filesystem-2.0.5-11.fc38.noarch
tzdata-2023c-1.fc38.noarch
linux-firmware-whence-20230310-148.fc38.noarch
hunspell-filesystem-1.7.2-3.fc38.x86_64
google-noto-fonts-common-20230201-1.fc38.noarch
google-noto-sans-vf-fonts-20230201-1.fc38.noarch
langpacks-core-font-en-3.0-30.fc38.noarch
libreport-filesystem-2.17.9-1.fc38.noarch
fedora-release-identity-cloud-38-34.noarch
dnf-data-4.14.0-2.fc38.noarch
google-noto-sans-mono-vf-fonts-20230201-1.fc38.noarch
google-noto-serif-vf-fonts-20230201-1.fc38.noarch
amd-gpu-firmware-20230310-148.fc38.noarch
intel-gpu-firmware-20230310-148.fc38.noarch
nvidia-gpu-firmware-20230310-148.fc38.noarch
web-assets-filesystem-5-19.fc38.noarch
js-jquery-3.6.3-2.fc38.noarch
python-systemd-doc-235-2.fc38.x86_64
xkeyboard-config-2.38-1.fc38.noarch
whois-nls-5.5.15-3.fc38.noarch
vim-data-9.0.1429-1.fc38.noarch
python-setuptools-wheel-65.5.1-2.fc38.noarch
publicsuffix-list-dafsa-20230318-1.fc38.noarch
pkgconf-m4-1.8.0-6.fc38.noarch
pcre2-syntax-10.42-1.fc38.1.noarch
ncurses-base-6.4-3.20230114.fc38.noarch
libssh-config-0.10.4-4.fc38.noarch
libX11-common-1.8.4-1.fc38.noarch
kbd-misc-2.5.1-5.fc38.noarch
kbd-legacy-2.5.1-5.fc38.noarch
gawk-all-langpacks-5.1.1-5.fc38.x86_64
fedora-gpg-keys-38-1.noarch
fedora-release-cloud-38-34.noarch
fedora-repos-38-1.noarch
fedora-release-common-38-34.noarch
setup-2.14.3-2.fc38.noarch
filesystem-3.18-3.fc38.x86_64
efi-filesystem-5-7.fc38.noarch
basesystem-11-15.fc38.noarch
glibc-gconv-extra-2.37-1.fc38.x86_64
glibc-langpack-en-2.37-1.fc38.x86_64
glibc-common-2.37-1.fc38.x86_64
glibc-2.37-1.fc38.x86_64
ncurses-libs-6.4-3.20230114.fc38.x86_64
bash-5.2.15-3.fc38.x86_64
zlib-1.2.13-3.fc38.x86_64
xz-libs-5.4.1-1.fc38.x86_64
libzstd-1.5.4-1.fc38.x86_64
libuuid-2.38.1-4.fc38.x86_64
libblkid-2.38.1-4.fc38.x86_64
bzip2-libs-1.0.8-13.fc38.x86_64
popt-1.19-2.fc38.x86_64
libcap-2.48-6.fc38.x86_64
sqlite-libs-3.40.1-2.fc38.x86_64
libxcrypt-4.4.33-7.fc38.x86_64
mkpasswd-5.5.15-3.fc38.x86_64
libxml2-2.10.3-3.fc38.x86_64
libcom_err-1.46.5-4.fc38.x86_64
libstdc++-13.0.1-0.12.fc38.x86_64
elfutils-libelf-0.189-1.fc38.x86_64
grub2-common-2.06-89.fc38.noarch
readline-8.2-3.fc38.x86_64
libgpg-error-1.46-2.fc38.x86_64
nspr-4.35.0-6.fc38.x86_64
pcre2-10.42-1.fc38.1.x86_64
grep-3.8-3.fc38.x86_64
nss-util-3.89.0-2.fc38.x86_64
gmp-6.2.1-4.fc38.x86_64
lua-libs-5.4.4-9.fc38.x86_64
libgcrypt-1.10.1-7.fc38.x86_64
file-libs-5.44-3.fc38.x86_64
alternatives-1.22-1.fc38.x86_64
expat-2.5.0-2.fc38.x86_64
libcap-ng-0.8.3-5.fc38.x86_64
audit-libs-3.1-2.fc38.x86_64
libsepol-3.5-1.fc38.x86_64
libselinux-3.5-1.fc38.x86_64
libmount-2.38.1-4.fc38.x86_64
libtalloc-2.4.0-2.fc38.x86_64
lz4-libs-1.9.4-2.fc38.x86_64
systemd-libs-253.2-1.fc38.x86_64
dbus-libs-1.14.6-1.fc38.x86_64
libusb1-1.0.26-2.fc38.x86_64
libsemanage-3.5-2.fc38.x86_64
file-5.44-3.fc38.x86_64
libassuan-2.5.5-6.fc38.x86_64
keyutils-libs-1.6.1-6.fc38.x86_64
libsmartcols-2.38.1-4.fc38.x86_64
util-linux-core-2.38.1-4.fc38.x86_64
libtevent-0.14.1-1.fc38.x86_64
findutils-4.9.0-3.fc38.x86_64
nettle-3.8-3.fc38.x86_64
gdisk-1.0.9-5.fc38.x86_64
libfdisk-2.38.1-4.fc38.x86_64
libedit-3.1-45.20221030cvs.fc38.x86_64
efivar-libs-38-7.fc38.x86_64
gdbm-libs-1.23-3.fc38.x86_64
json-c-0.16-4.fc38.x86_64
libattr-2.5.1-6.fc38.x86_64
libacl-2.3.1-6.fc38.x86_64
sed-4.8-12.fc38.x86_64
libeconf-0.4.0-5.fc38.x86_64
pam-libs-1.5.2-16.fc38.x86_64
shadow-utils-4.13-6.fc38.x86_64
libffi-3.4.4-2.fc38.x86_64
p11-kit-0.24.1-6.fc38.x86_64
libnghttp2-1.52.0-1.fc38.x86_64
libunistring-1.1-3.fc38.x86_64
ntfs-3g-libs-2022.10.3-2.fc38.x86_64
protobuf-c-1.4.1-4.fc38.x86_64
procps-ng-3.3.17-9.fc38.x86_64
mpfr-4.1.1-3.fc38.x86_64
libksba-1.6.3-2.fc38.x86_64
hunspell-en-GB-0.20201207-3.fc38.noarch
hunspell-en-0.20201207-3.fc38.noarch
hunspell-en-US-0.20201207-3.fc38.noarch
hunspell-1.7.2-3.fc38.x86_64
e2fsprogs-libs-1.46.5-4.fc38.x86_64
libpng-1.6.37-14.fc38.x86_64
diffutils-3.9-1.fc38.x86_64
fuse-libs-2.9.9-16.fc38.x86_64
libbasicobjects-0.1.1-53.fc38.x86_64
libbrotli-1.0.9-11.fc38.x86_64
libcbor-0.7.0-9.fc38.x86_64
libcollection-0.7.0-53.fc38.x86_64
libdb-5.3.28-55.fc38.x86_64
libdhash-0.5.0-53.fc38.x86_64
libgomp-13.0.1-0.12.fc38.x86_64
libref_array-0.1.5-53.fc38.x86_64
libseccomp-2.5.3-4.fc38.x86_64
libsss_idmap-2.8.2-4.fc38.x86_64
libtasn1-4.19.0-2.fc38.x86_64
p11-kit-trust-0.24.1-6.fc38.x86_64
libtdb-1.4.8-1.fc38.x86_64
libunistring1.0-1.0-1.fc38.x86_64
libidn2-2.3.4-2.fc38.x86_64
libpsl-0.21.2-2.fc38.x86_64
libyaml-0.2.5-9.fc38.x86_64
npth-1.6-12.fc38.x86_64
libb2-0.98.1-8.fc38.x86_64
libbytesize-2.7-5.fc38.x86_64
ntfs-3g-system-compression-1.0-11.fc38.x86_64
ntfs-3g-2022.10.3-2.fc38.x86_64
gettext-libs-0.21.1-2.fc38.x86_64
libutempter-1.2.1-8.fc38.x86_64
kbd-2.5.1-5.fc38.x86_64
cyrus-sasl-lib-2.1.28-9.fc38.x86_64
libatasmart-0.19-24.fc38.x86_64
libselinux-utils-3.5-1.fc38.x86_64
libcomps-0.1.18-6.fc38.x86_64
nano-7.2-2.fc38.x86_64
nano-default-editor-7.2-2.fc38.noarch
nss-softokn-freebl-3.89.0-2.fc38.x86_64
nss-softokn-3.89.0-2.fc38.x86_64
xz-5.4.1-1.fc38.x86_64
grub2-pc-modules-2.06-89.fc38.noarch
libbpf-1.1.0-2.fc38.x86_64
graphite2-1.3.14-11.fc38.x86_64
groff-base-1.22.4-11.fc38.x86_64
inih-56-3.fc38.x86_64
libss-1.46.5-4.fc38.x86_64
e2fsprogs-1.46.5-4.fc38.x86_64
libxkbcommon-1.5.0-2.fc38.x86_64
xml-common-0.6.3-60.fc38.noarch
libxcrypt-compat-4.4.33-7.fc38.x86_64
pigz-2.7-3.fc38.x86_64
dbus-common-1.14.6-1.fc38.noarch
dbus-broker-33-1.fc38.x86_64
dbus-1.14.6-1.fc38.x86_64
hostname-3.23-8.fc38.x86_64
less-608-2.fc38.x86_64
mtools-4.0.43-1.fc38.x86_64
memstrack-0.2.5-1.fc38.x86_64
psmisc-23.6-2.fc38.x86_64
c-ares-1.19.0-1.fc38.x86_64
checkpolicy-3.5-1.fc38.x86_64
cpio-2.13-14.fc38.x86_64
dmidecode-3.4-3.fc38.x86_64
dosfstools-4.2-6.fc38.x86_64
duktape-2.7.0-2.fc38.x86_64
gettext-envsubst-0.21.1-2.fc38.x86_64
gettext-runtime-0.21.1-2.fc38.x86_64
libXau-1.0.11-2.fc38.x86_64
libxcb-1.13.1-11.fc38.x86_64
libX11-1.8.4-1.fc38.x86_64
libXext-1.3.5-2.fc38.x86_64
libXrender-0.9.11-2.fc38.x86_64
libargon2-20190702-2.fc38.x86_64
libmaxminddb-1.7.1-2.fc38.x86_64
ipcalc-1.0.2-2.fc38.x86_64
libmnl-1.0.5-2.fc38.x86_64
iproute-6.1.0-1.fc38.x86_64
libndp-1.8-5.fc38.x86_64
libnl3-3.7.0-3.fc38.x86_64
libpath_utils-0.2.1-53.fc38.x86_64
libini_config-1.3.1-53.fc38.x86_64
libpipeline-1.5.7-2.fc38.x86_64
libpkgconf-1.8.0-6.fc38.x86_64
pkgconf-1.8.0-6.fc38.x86_64
pkgconf-pkg-config-1.8.0-6.fc38.x86_64
fwupd-efi-1.4-1.fc38.x86_64
libsigsegv-2.14-4.fc38.x86_64
gawk-5.1.1-5.fc38.x86_64
libsss_nss_idmap-2.8.2-4.fc38.x86_64
libsss_sudo-2.8.2-4.fc38.x86_64
liburing-2.3-2.fc38.x86_64
libverto-0.3.2-5.fc38.x86_64
lmdb-libs-0.9.30-1.fc38.x86_64
lzo-2.10-8.fc38.x86_64
mpdecimal-2.5.1-6.fc38.x86_64
numactl-libs-2.0.16-2.fc38.x86_64
oniguruma-6.9.8-2.D20220919gitb041f6d.fc38.1.x86_64
jq-1.6-15.fc38.x86_64
pciutils-libs-3.9.0-3.fc38.x86_64
pcsc-lite-libs-1.9.9-3.fc38.x86_64
pixman-0.42.2-1.fc38.x86_64
qrencode-libs-4.1.1-4.fc38.x86_64
userspace-rcu-0.13.2-2.fc38.x86_64
xfsprogs-6.1.0-3.fc38.x86_64
xxhash-libs-0.8.1-4.fc38.x86_64
langpacks-core-en-3.0-30.fc38.noarch
dhcp-common-4.4.3-7.P1.fc38.noarch
coreutils-common-9.1-11.fc38.x86_64
python-pip-wheel-22.3.1-2.fc38.noarch
python-unversioned-command-3.11.2-1.fc38.noarch
python3-libs-3.11.2-1.fc38.x86_64
python3-3.11.2-1.fc38.x86_64
libevent-2.1.12-8.fc38.x86_64
grubby-8.40-69.fc38.x86_64
openldap-2.6.4-1.fc38.x86_64
krb5-libs-1.20.1-8.fc38.x86_64
libtirpc-1.3.3-1.fc38.x86_64
libnsl2-2.0.0-5.fc38.x86_64
libkcapi-1.4.0-5.fc38.x86_64
libkcapi-hmaccalc-1.4.0-5.fc38.x86_64
libssh-0.10.4-4.fc38.x86_64
crypto-policies-scripts-20230301-1.gita12f7b2.fc38.noarch
crypto-policies-20230301-1.gita12f7b2.fc38.noarch
cracklib-dicts-2.9.7-31.fc38.x86_64
cracklib-2.9.7-31.fc38.x86_64
libpwquality-1.4.5-3.fc38.x86_64
gzip-1.12-3.fc38.x86_64
authselect-1.4.2-2.fc38.x86_64
grub2-tools-minimal-2.06-89.fc38.x86_64
kpartx-0.9.4-2.fc38.x86_64
device-mapper-1.02.189-2.fc38.x86_64
device-mapper-libs-1.02.189-2.fc38.x86_64
elfutils-default-yama-scope-0.189-1.fc38.noarch
elfutils-debuginfod-client-0.189-1.fc38.x86_64
elfutils-libs-0.189-1.fc38.x86_64
libcurl-7.87.0-7.fc38.x86_64
tpm2-tools-5.5-1.fc38.x86_64
openssl-pkcs11-0.4.12-3.fc38.x86_64
coreutils-9.1-11.fc38.x86_64
ca-certificates-2023.2.60-2.fc38.noarch
openssl-libs-3.0.8-2.fc38.x86_64
kmod-libs-30-4.fc38.x86_64
pam-1.5.2-16.fc38.x86_64
cryptsetup-libs-2.6.1-1.fc38.x86_64
tpm2-tss-4.0.1-3.fc38.x86_64
kmod-30-4.fc38.x86_64
libfido2-1.12.0-3.fc38.x86_64
authselect-libs-1.4.2-2.fc38.x86_64
util-linux-2.38.1-4.fc38.x86_64
systemd-networkd-253.2-1.fc38.x86_64
systemd-pam-253.2-1.fc38.x86_64
systemd-resolved-253.2-1.fc38.x86_64
systemd-253.2-1.fc38.x86_64
systemd-udev-253.2-1.fc38.x86_64
dracut-059-2.fc38.x86_64
os-prober-1.81-3.fc38.x86_64
grub2-tools-2.06-89.fc38.x86_64
gnutls-3.8.0-2.fc38.x86_64
glib2-2.76.1-1.fc38.x86_64
rpm-sequoia-1.3.0-1.fc38.x86_64
rpm-libs-4.18.1-1.fc38.x86_64
polkit-libs-122-3.fc38.x86_64
python3-six-1.16.0-9.fc38.noarch
polkit-122-3.fc38.x86_64
polkit-pkla-compat-0.1-23.fc38.x86_64
json-glib-1.6.6-4.fc38.x86_64
libgudev-237-4.fc38.x86_64
console-login-helper-messages-0.21.3-4.fc38.noarch
openssh-9.0p1-14.fc38.1.x86_64
parted-3.5-11.fc38.x86_64
libblockdev-utils-2.28-5.fc38.x86_64
python3-distro-1.8.0-2.fc38.noarch
python3-libselinux-3.5-1.fc38.x86_64
libgusb-0.4.5-1.fc38.x86_64
libmodulemd-2.14.0-5.fc38.x86_64
libmbim-1.28.2-3.fc38.x86_64
python3-dbus-1.3.2-2.fc38.x86_64
shared-mime-info-2.2-3.fc38.x86_64
libxmlb-0.3.11-1.fc38.x86_64
ima-evm-utils-1.4-7.fc38.x86_64
libarchive-3.6.1-4.fc38.x86_64
libfsverity-1.4-9.fc38.x86_64
mokutil-0.6.0-6.fc38.x86_64
zchunk-libs-1.3.0-1.fc38.x86_64
libsolv-0.7.22-4.fc38.x86_64
libldb-2.7.2-1.fc38.x86_64
python3-idna-3.4-2.fc38.noarch
python3-libsemanage-3.5-2.fc38.x86_64
libblockdev-2.28-5.fc38.x86_64
libblockdev-fs-2.28-5.fc38.x86_64
libblockdev-loop-2.28-5.fc38.x86_64
libblockdev-part-2.28-5.fc38.x86_64
libblockdev-swap-2.28-5.fc38.x86_64
pcsc-lite-ccid-1.5.2-1.fc38.x86_64
pcsc-lite-1.9.9-3.fc38.x86_64
python3-configobj-5.0.8-1.fc38.noarch
python3-dateutil-2.8.2-5.fc38.noarch
deltarpm-3.6.3-8.fc38.x86_64
rpm-build-libs-4.18.1-1.fc38.x86_64
rpm-plugin-systemd-inhibit-4.18.1-1.fc38.x86_64
ModemManager-glib-1.20.2-4.fc38.x86_64
NetworkManager-libnm-1.42.0-1.fc38.x86_64
NetworkManager-1.42.0-1.fc38.x86_64
bluez-5.66-5.fc38.x86_64
cairo-1.17.8-3.fc38.x86_64
harfbuzz-7.1.0-1.fc38.x86_64
freetype-2.13.0-2.fc38.x86_64
fontconfig-2.14.2-1.fc38.x86_64
libgcab1-1.5-2.fc38.x86_64
libqrtr-glib-1.2.2-2.fc38.x86_64
libqmi-1.32.2-3.fc38.x86_64
libsecret-0.20.5-3.fc38.x86_64
pinentry-1.2.1-2.fc38.x86_64
gnupg2-smime-2.4.0-3.fc38.x86_64
gnupg2-2.4.0-3.fc38.x86_64
gpgme-1.17.1-3.fc38.x86_64
libjcat-0.1.13-1.fc38.x86_64
librepo-1.15.1-2.fc38.x86_64
libdnf-0.70.0-1.fc38.x86_64
python3-libdnf-0.70.0-1.fc38.x86_64
python3-hawkey-0.70.0-1.fc38.x86_64
python3-gpg-1.17.1-3.fc38.x86_64
rpm-sign-libs-4.18.1-1.fc38.x86_64
python3-rpm-4.18.1-1.fc38.x86_64
libudisks2-2.9.4-6.fc38.x86_64
libuser-0.64-2.fc38.x86_64
ntfsprogs-2022.10.3-2.fc38.x86_64
grub2-efi-ia32-2.06-89.fc38.x86_64
grub2-efi-x64-2.06-89.fc38.x86_64
kernel-modules-core-6.2.9-300.fc38.x86_64
kernel-core-6.2.9-300.fc38.x86_64
initscripts-service-10.18-1.fc38.noarch
iputils-20221126-2.fc38.x86_64
dhcp-client-4.4.3-7.P1.fc38.x86_64
libftdi-1.5-7.fc38.x86_64
flashrom-1.3.0-1.fc38.x86_64
mdadm-4.2-4.fc38.x86_64
libblockdev-mdraid-2.28-5.fc38.x86_64
net-tools-2.0-0.65.20160912git.fc38.x86_64
zram-generator-1.1.2-4.fc38.x86_64
sudo-python-plugin-1.9.13-1.p2.fc38.x86_64
sudo-1.9.13-1.p2.fc38.x86_64
libsss_certmap-2.8.2-4.fc38.x86_64
openssl-3.0.8-2.fc38.x86_64
unbound-anchor-1.17.1-2.fc38.x86_64
unbound-libs-1.17.1-2.fc38.x86_64
python3-unbound-1.17.1-2.fc38.x86_64
nss-sysinit-3.89.0-2.fc38.x86_64
nss-3.89.0-2.fc38.x86_64
volume_key-libs-0.3.12-18.fc38.x86_64
libblockdev-crypto-2.28-5.fc38.x86_64
udisks2-2.9.4-6.fc38.x86_64
fwupd-plugin-flashrom-1.8.14-1.fc38.x86_64
fwupd-plugin-uefi-capsule-data-1.8.14-1.fc38.x86_64
fwupd-1.8.14-1.fc38.x86_64
fwupd-plugin-modem-manager-1.8.14-1.fc38.x86_64
which-2.21-39.fc38.x86_64
curl-7.87.0-7.fc38.x86_64
rpm-4.18.1-1.fc38.x86_64
policycoreutils-3.5-1.fc38.x86_64
selinux-policy-38.8-2.fc38.noarch
selinux-policy-targeted-38.8-2.fc38.noarch
sssd-client-2.8.2-4.fc38.x86_64
sssd-common-2.8.2-4.fc38.x86_64
python3-attrs-22.2.0-2.fc38.noarch
python3-audit-3.1-2.fc38.x86_64
python3-charset-normalizer-3.1.0-1.fc38.noarch
python3-jsonpointer-2.0-8.fc38.noarch
python3-jsonpatch-1.21-22.fc38.noarch
python3-libcomps-0.1.18-6.fc38.x86_64
python3-dnf-4.14.0-2.fc38.noarch
dnf-4.14.0-2.fc38.noarch
python3-markupsafe-2.1.2-1.fc38.x86_64
python3-jinja2-3.0.3-7.fc38.noarch
python3-netifaces-0.11.0-5.fc38.x86_64
python3-oauthlib-3.2.1-3.fc38.noarch
python3-prettytable-0.7.2-31.fc38.noarch
python3-pyrsistent-0.19.3-2.fc38.x86_64
python3-jsonschema-4.17.3-2.fc38.noarch
python3-pyserial-3.5-4.fc38.noarch
python3-pysocks-1.7.1-16.fc38.noarch
python3-urllib3-1.26.12-2.fc38.noarch
python3-requests-2.28.2-1.fc38.noarch
python3-pyyaml-6.0-6.fc38.x86_64
python3-setuptools-65.5.1-2.fc38.noarch
python3-setools-4.4.1-1.fc38.x86_64
python3-policycoreutils-3.5-1.fc38.noarch
python3-systemd-235-2.fc38.x86_64
python3-dnf-plugins-core-4.4.0-1.fc38.noarch
dnf-plugins-core-4.4.0-1.fc38.noarch
cloud-init-23.1.1-1.fc38.noarch
yum-4.14.0-2.fc38.noarch
sssd-kcm-2.8.2-4.fc38.x86_64
console-login-helper-messages-motdgen-0.21.3-4.fc38.noarch
grub2-pc-2.06-89.fc38.x86_64
zram-generator-defaults-1.1.2-4.fc38.noarch
audit-3.1-2.fc38.x86_64
shim-x64-15.6-2.x86_64
shim-ia32-15.6-2.x86_64
passwd-0.80-14.fc38.x86_64
grub2-tools-extra-2.06-89.fc38.x86_64
console-login-helper-messages-issuegen-0.21.3-4.fc38.noarch
openssh-clients-9.0p1-14.fc38.1.x86_64
openssh-server-9.0p1-14.fc38.1.x86_64
console-login-helper-messages-profile-0.21.3-4.fc38.noarch
rpm-plugin-selinux-4.18.1-1.fc38.x86_64
qemu-guest-agent-7.2.0-6.fc38.x86_64
chrony-4.3-3.fc38.x86_64
grub2-tools-efi-2.06-89.fc38.x86_64
dracut-config-generic-059-2.fc38.x86_64
systemd-oomd-defaults-253.2-1.fc38.noarch
cloud-utils-growpart-0.31-12.fc38.noarch
rsync-3.2.7-2.fc38.x86_64
man-db-2.11.2-2.fc38.x86_64
langpacks-en-3.0-30.fc38.noarch
btrfs-progs-6.2.2-1.fc38.x86_64
tar-1.34-8.fc38.x86_64
vim-minimal-9.0.1429-1.fc38.x86_64
efibootmgr-18-3.fc38.x86_64
ncurses-6.4-3.20230114.fc38.x86_64
fedora-repos-modular-38-1.noarch
rootfiles-8.1-33.fc38.noarch
gpg-pubkey-eb10b464-6202d9c6
helm-3.11.1-1.fc38.x86_64
bash-completion-2.11-9.fc38.noarch
perl-Digest-1.20-490.fc38.noarch
perl-Digest-MD5-2.58-490.fc38.x86_64
perl-B-1.83-498.fc38.x86_64
perl-FileHandle-2.03-498.fc38.noarch
perl-Data-Dumper-2.184-491.fc38.x86_64
perl-libnet-3.15-1.fc38.noarch
perl-AutoLoader-5.74-498.fc38.noarch
perl-base-2.27-498.fc38.noarch
perl-URI-5.17-2.fc38.noarch
perl-Pod-Escapes-1.07-490.fc38.noarch
perl-Time-Local-1.300-490.fc38.noarch
perl-Net-SSLeay-1.92-5.fc38.x86_64
perl-Mozilla-CA-20221114-2.fc38.noarch
perl-File-Path-2.18-490.fc38.noarch
perl-Text-Tabs+Wrap-2023.0511-1.fc38.noarch
perl-if-0.61.000-498.fc38.noarch
perl-locale-1.10-498.fc38.noarch
perl-IO-Socket-IP-0.41-492.fc38.noarch
perl-IO-Socket-SSL-2.081-1.fc38.noarch
perl-Term-ANSIColor-5.01-491.fc38.noarch
perl-Term-Cap-1.18-1.fc38.noarch
perl-Class-Struct-0.66-498.fc38.noarch
perl-POSIX-2.03-498.fc38.x86_64
perl-File-Temp-0.231.100-490.fc38.noarch
perl-HTTP-Tiny-0.086-2.fc38.noarch
perl-Pod-Simple-3.43-491.fc38.noarch
perl-IPC-Open3-1.22-498.fc38.noarch
perl-Socket-2.036-2.fc38.x86_64
perl-SelectSaver-1.02-498.fc38.noarch
perl-Symbol-1.09-498.fc38.noarch
perl-podlators-5.01-2.fc38.noarch
perl-Pod-Perldoc-3.28.01-491.fc38.noarch
perl-File-stat-1.12-498.fc38.noarch
perl-Text-ParseWords-3.31-490.fc38.noarch
perl-Fcntl-1.15-498.fc38.x86_64
perl-mro-1.26-498.fc38.x86_64
perl-Pod-Usage-2.03-4.fc38.noarch
perl-IO-1.50-498.fc38.x86_64
perl-overloading-0.02-498.fc38.noarch
perl-MIME-Base64-3.16-490.fc38.x86_64
perl-Scalar-List-Utils-1.63-490.fc38.x86_64
perl-constant-1.33-491.fc38.noarch
perl-parent-0.241-1.fc38.noarch
perl-Errno-1.36-498.fc38.x86_64
perl-File-Basename-2.85-498.fc38.noarch
perl-Getopt-Std-1.13-498.fc38.noarch
perl-Storable-3.26-490.fc38.x86_64
perl-Getopt-Long-2.54-2.fc38.noarch
perl-overload-1.35-498.fc38.noarch
perl-vars-1.05-498.fc38.noarch
perl-Exporter-5.77-490.fc38.noarch
perl-PathTools-3.84-490.fc38.x86_64
perl-NDBM_File-1.15-498.fc38.x86_64
perl-Encode-3.19-493.fc38.x86_64
perl-DynaLoader-1.52-498.fc38.x86_64
perl-Carp-1.52-490.fc38.noarch
perl-libs-5.36.3-498.fc38.x86_64
perl-interpreter-5.36.3-498.fc38.x86_64
git-core-2.45.0-1.fc38.x86_64
git-core-doc-2.45.0-1.fc38.noarch
perl-Error-0.17029-11.fc38.noarch
perl-TermReadKey-2.38-16.fc38.x86_64
perl-File-Find-1.40-498.fc38.noarch
perl-lib-0.65-498.fc38.x86_64
perl-Git-2.45.0-1.fc38.noarch
git-2.45.0-1.fc38.x86_64
libuv-1.48.0-1.fc38.x86_64
unibilium-2.1.1-4.fc38.x86_64
libtermkey-0.22-4.fc38.x86_64
libluv-1.44.2.1-3.fc38.x86_64
tree-sitter-cli-0.20.8-1.fc38.x86_64
libwayland-client-1.22.0-1.fc38.x86_64
libtree-sitter-0.20.8-2.fc38.x86_64
emacs-filesystem-29.3-1.fc38.noarch
desktop-file-utils-0.26-8.fc38.x86_64
xdg-utils-1.1.3-15.fc38.noarch
xsel-1.2.0-32.fc38.x86_64
msgpack-3.1.0-11.fc38.x86_64
mailcap-2.1.53-5.fc38.noarch
wl-clipboard-2.0.0-8.fc38.x86_64
luajit-2.1.0-0.27beta3.fc38.x86_64
libvterm-0.3-2.fc38.x86_64
compat-lua-libs-5.1.5-22.fc38.x86_64
luajit2.1-luv-1.44.2.1-3.fc38.x86_64
neovim-0.9.5-1.fc38.x86_64
